Research Analysis Execution Log
==================================================

Expanded 'Retrieval Augmented Generation on Video Data.' into 5 queries
Expanded 'Multi-Agent Reinforcement Learning with memory.' into 4 queries
Expanded 'Agentic Computer Vision System for Image Analysis.' into 4 queries
Retrieved 24 unique papers for 'Retrieval Augmented Generation on Video Data.'
Retrieved 27 unique papers for 'Multi-Agent Reinforcement Learning with memory.'
Retrieved 2 unique papers for 'Agentic Computer Vision System for Image Analysis.'
Analyzed 24 papers for 'Retrieval Augmented Generation on Video Data.'
Analyzed 27 papers for 'Multi-Agent Reinforcement Learning with memory.'
Analyzed 2 papers for 'Agentic Computer Vision System for Image Analysis.'
Completed company attribution for 'Retrieval Augmented Generation on Video Data.'
Completed company attribution for 'Multi-Agent Reinforcement Learning with memory.'
Completed company attribution for 'Agentic Computer Vision System for Image Analysis.'
Aggregated statistics for 'Retrieval Augmented Generation on Video Data.': 24 papers
Aggregated statistics for 'Multi-Agent Reinforcement Learning with memory.': 27 papers
Aggregated statistics for 'Agentic Computer Vision System for Image Analysis.': 2 papers
Completed comparison for 12 companies
Generated deep analysis charts in research_output\temp_charts
Completed gap analysis and strategic insights